TN:
SF:/Users/charlie.kassel/Server/sites/vuejs-datepicker/src/utils/DateUtils.js
FNF:0
FNH:0
DA:11,5
DA:12,4
DA:14,1
DA:24,54
DA:25,1
DA:27,53
DA:37,1317
DA:38,1
DA:40,1316
DA:41,1
DA:43,1315
DA:44,1314
DA:46,1
DA:55,166
DA:56,1
DA:58,165
DA:59,1
DA:61,164
DA:62,163
DA:64,1
DA:74,137
DA:83,53
DA:87,6
DA:90,2
DA:93,1
DA:95,44
DA:107,53
DA:108,53
DA:109,53
DA:110,53
DA:111,53
DA:122,53
DA:132,1
DA:133,1
DA:134,5
DA:135,5
DA:137,1
LF:37
LH:37
BRDA:11,0,0,4
BRDA:11,0,1,1
BRDA:24,1,0,1
BRDA:24,1,1,53
BRDA:37,2,0,1
BRDA:37,2,1,1316
BRDA:40,3,0,1
BRDA:40,3,1,1315
BRDA:43,4,0,1314
BRDA:43,4,1,1
BRDA:55,5,0,1
BRDA:55,5,1,165
BRDA:58,6,0,1
BRDA:58,6,1,164
BRDA:61,7,0,163
BRDA:61,7,1,1
BRDA:74,8,0,75
BRDA:74,8,1,62
BRDA:74,9,0,12
BRDA:74,9,1,50
BRDA:74,10,0,10
BRDA:74,10,1,2
BRDA:74,11,0,12
BRDA:74,11,1,10
BRDA:74,11,2,2
BRDA:83,12,0,5
BRDA:83,12,1,5
BRDA:83,12,2,6
BRDA:83,12,3,2
BRDA:83,12,4,2
BRDA:83,12,5,1
BRDA:83,12,6,1
BRDA:83,12,7,44
BRDA:107,13,0,13
BRDA:107,13,1,40
BRF:35
BRH:35
end_of_record
TN:
SF:/Users/charlie.kassel/Server/sites/vuejs-datepicker/src/utils/DateLanguages.js
FNF:0
FNH:0
LF:0
LH:0
BRF:0
BRH:0
end_of_record
TN:
SF:/Users/charlie.kassel/Server/sites/vuejs-datepicker/src/components/Datepicker.vue
FN:109,(anonymous_0)
FN:571,(anonymous_1)
FN:607,(anonymous_2)
FNF:3
FNH:3
FNDA:19,(anonymous_0)
FNDA:2819,(anonymous_1)
FNDA:276,(anonymous_2)
DA:110,19
DA:176,63
DA:203,0
DA:206,0
DA:211,124
DA:214,105
DA:215,64
DA:218,41
DA:223,61
DA:226,109
DA:227,109
DA:230,109
DA:238,109
DA:239,109
DA:240,109
DA:241,6
DA:243,103
DA:246,61
DA:247,4
DA:248,4
DA:249,4
DA:251,57
DA:254,109
DA:255,109
DA:257,109
DA:258,109
DA:259,109
DA:260,3296
DA:273,3296
DA:275,109
DA:278,105
DA:279,105
DA:281,105
DA:282,105
DA:283,1260
DA:289,1260
DA:291,105
DA:294,105
DA:295,105
DA:297,105
DA:298,105
DA:299,1050
DA:305,1050
DA:307,105
DA:310,61
DA:315,17
DA:318,61
DA:321,61
DA:329,32
DA:330,32
DA:331,29
DA:332,29
DA:336,5
DA:337,1
DA:338,1
DA:340,4
DA:347,10
DA:348,1
DA:350,9
DA:351,1
DA:353,8
DA:356,10
DA:358,1
DA:359,1
DA:361,1
DA:362,1
DA:364,8
DA:365,8
DA:369,11
DA:370,11
DA:371,11
DA:372,8
DA:373,8
DA:377,5
DA:378,3
DA:379,3
DA:380,3
DA:381,3
DA:385,2
DA:386,2
DA:387,2
DA:388,2
DA:392,28
DA:393,28
DA:394,28
DA:395,28
DA:396,28
DA:399,2
DA:400,2
DA:401,2
DA:402,2
DA:408,11
DA:409,1
DA:411,10
DA:412,10
DA:413,1
DA:415,9
DA:421,2
DA:422,1
DA:424,1
DA:425,1
DA:426,1
DA:427,1
DA:433,2
DA:434,1
DA:436,1
DA:437,1
DA:438,1
DA:439,1
DA:445,1
DA:451,15
DA:457,122
DA:463,112
DA:464,112
DA:467,7
DA:468,7
DA:469,7
DA:470,7
DA:473,4
DA:474,3
DA:478,120
DA:479,99
DA:481,21
DA:482,21
DA:486,5
DA:487,4
DA:491,231
DA:492,191
DA:494,40
DA:495,40
DA:499,6
DA:500,6
DA:501,6
DA:502,6
DA:505,3
DA:506,2
DA:510,113
DA:511,92
DA:513,21
DA:516,3
DA:517,2
DA:521,113
DA:522,92
DA:524,21
DA:527,3
DA:528,1
DA:532,114
DA:533,92
DA:535,22
DA:538,3
DA:539,1
DA:543,4
DA:544,1
DA:546,3
DA:555,3298
DA:564,13207
DA:566,13207
DA:567,8192
DA:570,5015
DA:571,2575
DA:572,2819
DA:573,3
DA:574,3
DA:578,5015
DA:579,73
DA:581,5015
DA:582,961
DA:584,5015
DA:585,37
DA:587,5015
DA:596,9905
DA:597,803
DA:600,9102
DA:602,9102
DA:603,7077
DA:606,2025
DA:607,92
DA:608,276
DA:609,1
DA:610,1
DA:615,2025
DA:616,1841
DA:619,2025
DA:620,28
DA:622,2025
DA:632,3299
DA:646,3299
DA:659,3866
DA:668,1262
DA:679,1260
DA:681,1260
DA:682,768
DA:685,492
DA:686,228
DA:690,62
DA:693,492
DA:694,228
DA:699,99
DA:702,492
DA:711,1052
DA:720,1050
DA:721,1050
DA:722,640
DA:725,410
DA:726,190
DA:727,94
DA:730,410
DA:731,190
DA:732,50
DA:736,410
DA:744,27
DA:745,2
DA:746,2
DA:748,27
DA:749,2
DA:750,2
DA:751,2
DA:753,25
DA:754,25
DA:758,75
DA:759,3
DA:761,75
DA:769,3
DA:770,3
DA:771,0
DA:773,3
DA:774,3
DA:775,3
DA:780,3505
DA:794,61
DA:795,19
DA:797,61
DA:798,2
DA:803,61
LF:234
LH:231
BRDA:110,0,0,19
BRDA:110,0,1,19
BRDA:110,0,2,2
BRDA:214,1,0,64
BRDA:214,1,1,41
BRDA:218,2,0,1
BRDA:218,2,1,40
BRDA:226,3,0,0
BRDA:226,3,1,109
BRDA:240,4,0,6
BRDA:240,4,1,103
BRDA:241,5,0,5
BRDA:241,5,1,1
BRDA:246,6,0,4
BRDA:246,6,1,57
BRDA:269,7,0,3296
BRDA:269,7,1,2830
BRDA:311,8,0,2
BRDA:311,8,1,59
BRDA:315,9,0,17
BRDA:315,9,1,14
BRDA:315,9,2,13
BRDA:330,10,0,29
BRDA:330,10,1,3
BRDA:336,11,0,1
BRDA:336,11,1,4
BRDA:347,12,0,1
BRDA:347,12,1,9
BRDA:347,13,0,10
BRDA:347,13,1,10
BRDA:350,14,0,1
BRDA:350,14,1,8
BRDA:356,15,0,1
BRDA:356,15,1,1
BRDA:356,15,2,8
BRDA:371,16,0,8
BRDA:371,16,1,3
BRDA:377,17,0,2
BRDA:377,17,1,3
BRDA:380,18,0,3
BRDA:380,18,1,0
BRDA:387,19,0,2
BRDA:387,19,1,0
BRDA:408,20,0,1
BRDA:408,20,1,10
BRDA:412,21,0,1
BRDA:412,21,1,9
BRDA:421,22,0,1
BRDA:421,22,1,1
BRDA:433,23,0,1
BRDA:433,23,1,1
BRDA:473,24,0,3
BRDA:473,24,1,1
BRDA:478,25,0,99
BRDA:478,25,1,21
BRDA:478,26,0,120
BRDA:478,26,1,43
BRDA:482,27,0,21
BRDA:482,27,1,17
BRDA:486,28,0,4
BRDA:486,28,1,1
BRDA:491,29,0,191
BRDA:491,29,1,40
BRDA:491,30,0,231
BRDA:491,30,1,84
BRDA:495,31,0,40
BRDA:495,31,1,13
BRDA:498,32,0,4
BRDA:505,33,0,2
BRDA:505,33,1,1
BRDA:510,34,0,92
BRDA:510,34,1,21
BRDA:510,35,0,113
BRDA:510,35,1,43
BRDA:516,36,0,2
BRDA:516,36,1,1
BRDA:521,37,0,92
BRDA:521,37,1,21
BRDA:521,38,0,113
BRDA:521,38,1,43
BRDA:527,39,0,1
BRDA:527,39,1,2
BRDA:532,40,0,92
BRDA:532,40,1,22
BRDA:532,41,0,114
BRDA:532,41,1,44
BRDA:538,42,0,1
BRDA:538,42,1,2
BRDA:543,43,0,1
BRDA:543,43,1,3
BRDA:543,44,0,4
BRDA:543,44,1,3
BRDA:555,45,0,3298
BRDA:555,45,1,1285
BRDA:566,46,0,8192
BRDA:566,46,1,5015
BRDA:570,47,0,2575
BRDA:570,47,1,2440
BRDA:572,48,0,3
BRDA:572,48,1,2816
BRDA:578,49,0,73
BRDA:578,49,1,4942
BRDA:578,50,0,5015
BRDA:578,50,1,2318
BRDA:578,50,2,2318
BRDA:581,51,0,961
BRDA:581,51,1,4054
BRDA:581,52,0,5015
BRDA:581,52,1,2318
BRDA:581,52,2,2318
BRDA:584,53,0,37
BRDA:584,53,1,4978
BRDA:584,54,0,5015
BRDA:584,54,1,122
BRDA:596,55,0,803
BRDA:596,55,1,9102
BRDA:602,56,0,7077
BRDA:602,56,1,2025
BRDA:606,57,0,92
BRDA:606,57,1,1933
BRDA:608,58,0,1
BRDA:608,58,1,275
BRDA:615,59,0,1841
BRDA:615,59,1,184
BRDA:615,60,0,2025
BRDA:615,60,1,1841
BRDA:616,61,0,1841
BRDA:616,61,1,908
BRDA:619,62,0,28
BRDA:619,62,1,1997
BRDA:619,63,0,2025
BRDA:619,63,1,92
BRDA:632,64,0,3299
BRDA:632,64,1,10
BRDA:632,64,2,1
BRDA:632,64,3,1
BRDA:632,64,4,1
BRDA:646,65,0,3299
BRDA:646,65,1,12
BRDA:646,65,2,3
BRDA:646,65,3,3
BRDA:646,65,4,3
BRDA:659,66,0,3866
BRDA:659,66,1,3682
BRDA:668,67,0,1262
BRDA:668,67,1,506
BRDA:668,67,2,457
BRDA:681,68,0,768
BRDA:681,68,1,492
BRDA:685,69,0,228
BRDA:685,69,1,264
BRDA:685,70,0,492
BRDA:685,70,1,228
BRDA:686,71,0,62
BRDA:686,71,1,166
BRDA:687,72,0,228
BRDA:687,72,1,167
BRDA:687,72,2,166
BRDA:693,73,0,228
BRDA:693,73,1,264
BRDA:693,74,0,492
BRDA:693,74,1,228
BRDA:694,75,0,99
BRDA:694,75,1,129
BRDA:695,76,0,228
BRDA:695,76,1,228
BRDA:695,76,2,30
BRDA:695,76,3,200
BRDA:711,77,0,1052
BRDA:711,77,1,422
BRDA:721,78,0,640
BRDA:721,78,1,410
BRDA:721,79,0,1050
BRDA:721,79,1,410
BRDA:725,80,0,190
BRDA:725,80,1,220
BRDA:725,81,0,410
BRDA:725,81,1,190
BRDA:726,82,0,94
BRDA:726,82,1,96
BRDA:730,83,0,190
BRDA:730,83,1,220
BRDA:730,84,0,410
BRDA:730,84,1,190
BRDA:731,85,0,50
BRDA:731,85,1,140
BRDA:744,86,0,2
BRDA:744,86,1,25
BRDA:746,87,0,1
BRDA:746,87,1,1
BRDA:748,88,0,2
BRDA:748,88,1,25
BRDA:758,89,0,3
BRDA:758,89,1,72
BRDA:769,90,0,3
BRDA:769,90,1,0
BRDA:769,91,0,3
BRDA:769,91,1,3
BRDA:770,92,0,0
BRDA:770,92,1,3
BRDA:794,93,0,19
BRDA:794,93,1,42
BRDA:797,94,0,2
BRDA:797,94,1,59
BRF:204
BRH:199
end_of_record
